{"/Users/jonatas/Documents/projects/hiring-frontend/frontend/src/data/protocols/http/http-client.ts": {"path":"/Users/jonatas/Documents/projects/hiring-frontend/frontend/src/data/protocols/http/http-client.ts","statementMap":{"0":{"start":{"line":15,"column":0},"end":{"line":15,"column":null}},"1":{"start":{"line":16,"column":4},"end":{"line":16,"column":null}},"2":{"start":{"line":17,"column":4},"end":{"line":17,"column":null}},"3":{"start":{"line":18,"column":4},"end":{"line":18,"column":null}},"4":{"start":{"line":19,"column":4},"end":{"line":19,"column":null}},"5":{"start":{"line":20,"column":4},"end":{"line":20,"column":null}},"6":{"start":{"line":21,"column":4},"end":{"line":21,"column":null}},"7":{"start":{"line":22,"column":4},"end":{"line":22,"column":null}},"8":{"start":{"line":23,"column":4},"end":{"line":23,"column":null}}},"fnMap":{"0":{"name":"(anonymous_0)","decl":{"start":{"line":15,"column":0},"end":{"line":15,"column":12}},"loc":{"start":{"line":15,"column":26},"end":{"line":24,"column":1}}}},"branchMap":{"0":{"loc":{"start":{"line":15,"column":12},"end":{"line":15,"column":null}},"type":"binary-expr","locations":[{"start":{"line":15,"column":12},"end":{"line":15,"column":26}},{"start":{"line":15,"column":26},"end":{"line":15,"column":null}}]}},"s":{"0":1,"1":1,"2":1,"3":1,"4":1,"5":1,"6":1,"7":1,"8":1},"f":{"0":1},"b":{"0":[1,1]}}
,"/Users/jonatas/Documents/projects/hiring-frontend/frontend/src/data/usecases/stocks/remote-stocks.ts": {"path":"/Users/jonatas/Documents/projects/hiring-frontend/frontend/src/data/usecases/stocks/remote-stocks.ts","statementMap":{"0":{"start":{"line":1,"column":0},"end":{"line":1,"column":76}},"1":{"start":{"line":10,"column":0},"end":{"line":10,"column":96}},"2":{"start":{"line":23,"column":8},"end":{"line":23,"column":null}},"3":{"start":{"line":24,"column":8},"end":{"line":24,"column":null}},"4":{"start":{"line":29,"column":29},"end":{"line":32,"column":10}},"5":{"start":{"line":34,"column":8},"end":{"line":34,"column":53}},"6":{"start":{"line":38,"column":29},"end":{"line":41,"column":10}},"7":{"start":{"line":43,"column":8},"end":{"line":43,"column":53}},"8":{"start":{"line":47,"column":29},"end":{"line":50,"column":10}},"9":{"start":{"line":52,"column":8},"end":{"line":52,"column":53}},"10":{"start":{"line":56,"column":30},"end":{"line":63,"column":9}},"11":{"start":{"line":57,"column":12},"end":{"line":59,"column":null}},"12":{"start":{"line":58,"column":16},"end":{"line":58,"column":26}},"13":{"start":{"line":61,"column":31},"end":{"line":61,"column":114}},"14":{"start":{"line":61,"column":66},"end":{"line":61,"column":113}},"15":{"start":{"line":62,"column":12},"end":{"line":62,"column":40}},"16":{"start":{"line":65,"column":29},"end":{"line":68,"column":10}},"17":{"start":{"line":70,"column":8},"end":{"line":70,"column":53}},"18":{"start":{"line":74,"column":8},"end":{"line":83,"column":null}},"19":{"start":{"line":76,"column":16},"end":{"line":76,"column":41}},"20":{"start":{"line":78,"column":16},"end":{"line":78,"column":52}},"21":{"start":{"line":80,"column":16},"end":{"line":80,"column":43}},"22":{"start":{"line":82,"column":16},"end":{"line":82,"column":70}},"23":{"start":{"line":15,"column":0},"end":{"line":15,"column":13}}},"fnMap":{"0":{"name":"(anonymous_0)","decl":{"start":{"line":22,"column":4},"end":{"line":22,"column":null}},"loc":{"start":{"line":24,"column":52},"end":{"line":26,"column":5}}},"1":{"name":"(anonymous_1)","decl":{"start":{"line":28,"column":4},"end":{"line":28,"column":9}},"loc":{"start":{"line":28,"column":53},"end":{"line":35,"column":5}}},"2":{"name":"(anonymous_2)","decl":{"start":{"line":37,"column":4},"end":{"line":37,"column":9}},"loc":{"start":{"line":37,"column":55},"end":{"line":44,"column":5}}},"3":{"name":"(anonymous_3)","decl":{"start":{"line":46,"column":4},"end":{"line":46,"column":9}},"loc":{"start":{"line":46,"column":51},"end":{"line":53,"column":5}}},"4":{"name":"(anonymous_4)","decl":{"start":{"line":55,"column":4},"end":{"line":55,"column":9}},"loc":{"start":{"line":55,"column":51},"end":{"line":71,"column":5}}},"5":{"name":"(anonymous_5)","decl":{"start":{"line":56,"column":30},"end":{"line":56,"column":33}},"loc":{"start":{"line":56,"column":35},"end":{"line":63,"column":9}}},"6":{"name":"(anonymous_6)","decl":{"start":{"line":61,"column":58},"end":{"line":61,"column":62}},"loc":{"start":{"line":61,"column":66},"end":{"line":61,"column":113}}},"7":{"name":"(anonymous_7)","decl":{"start":{"line":73,"column":12},"end":{"line":73,"column":30}},"loc":{"start":{"line":73,"column":48},"end":{"line":84,"column":5}}}},"branchMap":{"0":{"loc":{"start":{"line":57,"column":12},"end":{"line":59,"column":null}},"type":"if","locations":[{"start":{"line":57,"column":12},"end":{"line":59,"column":null}}]},"1":{"loc":{"start":{"line":57,"column":16},"end":{"line":57,"column":81}},"type":"binary-expr","locations":[{"start":{"line":57,"column":16},"end":{"line":57,"column":39}},{"start":{"line":57,"column":43},"end":{"line":57,"column":81}}]},"2":{"loc":{"start":{"line":74,"column":8},"end":{"line":83,"column":null}},"type":"switch","locations":[{"start":{"line":75,"column":12},"end":{"line":76,"column":41}},{"start":{"line":77,"column":12},"end":{"line":78,"column":52}},{"start":{"line":79,"column":12},"end":{"line":80,"column":43}},{"start":{"line":81,"column":12},"end":{"line":82,"column":70}}]}},"s":{"0":1,"1":1,"2":11,"3":11,"4":1,"5":1,"6":1,"7":1,"8":1,"9":1,"10":2,"11":2,"12":1,"13":1,"14":2,"15":1,"16":2,"17":2,"18":9,"19":6,"20":1,"21":1,"22":1,"23":1},"f":{"0":11,"1":1,"2":1,"3":1,"4":2,"5":2,"6":2,"7":9},"b":{"0":[1],"1":[2,1],"2":[6,1,1,1]}}
,"/Users/jonatas/Documents/projects/hiring-frontend/frontend/src/domain/errors/forbidden-error.ts": {"path":"/Users/jonatas/Documents/projects/hiring-frontend/frontend/src/domain/errors/forbidden-error.ts","statementMap":{"0":{"start":{"line":3,"column":8},"end":{"line":3,"column":31}},"1":{"start":{"line":4,"column":8},"end":{"line":4,"column":37}},"2":{"start":{"line":1,"column":0},"end":{"line":1,"column":13}}},"fnMap":{"0":{"name":"(anonymous_0)","decl":{"start":{"line":2,"column":4},"end":{"line":2,"column":null}},"loc":{"start":{"line":2,"column":4},"end":{"line":5,"column":5}}}},"branchMap":{},"s":{"0":1,"1":1,"2":1},"f":{"0":1},"b":{}}
,"/Users/jonatas/Documents/projects/hiring-frontend/frontend/src/domain/errors/index.ts": {"path":"/Users/jonatas/Documents/projects/hiring-frontend/frontend/src/domain/errors/index.ts","statementMap":{"0":{"start":{"line":1,"column":0},"end":{"line":1,"column":44}},"1":{"start":{"line":2,"column":0},"end":{"line":2,"column":35}},"2":{"start":{"line":3,"column":0},"end":{"line":3,"column":34}}},"fnMap":{},"branchMap":{},"s":{"0":1,"1":1,"2":1},"f":{},"b":{}}
,"/Users/jonatas/Documents/projects/hiring-frontend/frontend/src/domain/errors/invalid-credentials-error.ts": {"path":"/Users/jonatas/Documents/projects/hiring-frontend/frontend/src/domain/errors/invalid-credentials-error.ts","statementMap":{"0":{"start":{"line":3,"column":4},"end":{"line":3,"column":35}},"1":{"start":{"line":4,"column":4},"end":{"line":4,"column":42}},"2":{"start":{"line":1,"column":0},"end":{"line":1,"column":13}}},"fnMap":{"0":{"name":"(anonymous_0)","decl":{"start":{"line":2,"column":2},"end":{"line":2,"column":null}},"loc":{"start":{"line":2,"column":2},"end":{"line":5,"column":3}}}},"branchMap":{},"s":{"0":1,"1":1,"2":1},"f":{"0":1},"b":{}}
,"/Users/jonatas/Documents/projects/hiring-frontend/frontend/src/domain/errors/unexpected-error.ts": {"path":"/Users/jonatas/Documents/projects/hiring-frontend/frontend/src/domain/errors/unexpected-error.ts","statementMap":{"0":{"start":{"line":3,"column":8},"end":{"line":3,"column":70}},"1":{"start":{"line":4,"column":8},"end":{"line":4,"column":38}},"2":{"start":{"line":1,"column":0},"end":{"line":1,"column":13}}},"fnMap":{"0":{"name":"(anonymous_0)","decl":{"start":{"line":2,"column":4},"end":{"line":2,"column":16}},"loc":{"start":{"line":2,"column":32},"end":{"line":5,"column":5}}}},"branchMap":{"0":{"loc":{"start":{"line":3,"column":14},"end":{"line":3,"column":68}},"type":"binary-expr","locations":[{"start":{"line":3,"column":14},"end":{"line":3,"column":21}},{"start":{"line":3,"column":25},"end":{"line":3,"column":68}}]}},"s":{"0":3,"1":3,"2":1},"f":{"0":3},"b":{"0":[3,1]}}
,"/Users/jonatas/Documents/projects/hiring-frontend/frontend/tests/data/mocks/mock-http.ts": {"path":"/Users/jonatas/Documents/projects/hiring-frontend/frontend/tests/data/mocks/mock-http.ts","statementMap":{"0":{"start":{"line":1,"column":0},"end":{"line":1,"column":115}},"1":{"start":{"line":4,"column":4},"end":{"line":4,"column":null}},"2":{"start":{"line":5,"column":4},"end":{"line":5,"column":null}},"3":{"start":{"line":6,"column":4},"end":{"line":6,"column":null}},"4":{"start":{"line":7,"column":4},"end":{"line":7,"column":null}},"5":{"start":{"line":8,"column":4},"end":{"line":10,"column":null}},"6":{"start":{"line":13,"column":8},"end":{"line":13,"column":null}},"7":{"start":{"line":14,"column":8},"end":{"line":14,"column":null}},"8":{"start":{"line":15,"column":8},"end":{"line":15,"column":null}},"9":{"start":{"line":16,"column":8},"end":{"line":16,"column":null}},"10":{"start":{"line":17,"column":8},"end":{"line":17,"column":null}},"11":{"start":{"line":3,"column":0},"end":{"line":3,"column":13}}},"fnMap":{"0":{"name":"(anonymous_0)","decl":{"start":{"line":3,"column":0},"end":{"line":3,"column":13}},"loc":{"start":{"line":3,"column":0},"end":{"line":19,"column":1}}},"1":{"name":"(anonymous_1)","decl":{"start":{"line":12,"column":4},"end":{"line":12,"column":9}},"loc":{"start":{"line":12,"column":35},"end":{"line":18,"column":5}}}},"branchMap":{},"s":{"0":1,"1":11,"2":11,"3":11,"4":11,"5":11,"6":5,"7":5,"8":5,"9":5,"10":5,"11":1},"f":{"0":11,"1":5},"b":{}}
}
