TN:
SF:src/data/protocols/http/http-client.ts
FN:15,(anonymous_0)
FNF:1
FNH:1
FNDA:1,(anonymous_0)
DA:15,1
DA:16,1
DA:17,1
DA:18,1
DA:19,1
DA:20,1
DA:21,1
DA:22,1
DA:23,1
LF:9
LH:9
BRDA:15,0,0,1
BRDA:15,0,1,1
BRF:2
BRH:2
end_of_record
TN:
SF:src/data/usecases/stocks/remote-stocks.ts
FN:22,(anonymous_0)
FN:28,(anonymous_1)
FN:37,(anonymous_2)
FN:46,(anonymous_3)
FN:55,(anonymous_4)
FN:56,(anonymous_5)
FN:61,(anonymous_6)
FN:73,(anonymous_7)
FNF:8
FNH:8
FNDA:8,(anonymous_0)
FNDA:1,(anonymous_1)
FNDA:1,(anonymous_2)
FNDA:1,(anonymous_3)
FNDA:1,(anonymous_4)
FNDA:1,(anonymous_5)
FNDA:2,(anonymous_6)
FNDA:8,(anonymous_7)
DA:1,1
DA:10,1
DA:15,1
DA:23,8
DA:24,8
DA:29,1
DA:34,1
DA:38,1
DA:43,1
DA:47,1
DA:52,1
DA:56,1
DA:57,1
DA:58,0
DA:61,2
DA:62,1
DA:65,1
DA:70,1
DA:74,8
DA:76,5
DA:78,1
DA:80,1
DA:82,1
LF:23
LH:22
BRDA:57,0,0,0
BRDA:57,1,0,1
BRDA:57,1,1,1
BRDA:74,2,0,5
BRDA:74,2,1,1
BRDA:74,2,2,1
BRDA:74,2,3,1
BRF:7
BRH:6
end_of_record
TN:
SF:src/domain/errors/forbidden-error.ts
FN:2,(anonymous_0)
FNF:1
FNH:1
FNDA:1,(anonymous_0)
DA:1,1
DA:3,1
DA:4,1
LF:3
LH:3
BRF:0
BRH:0
end_of_record
TN:
SF:src/domain/errors/index.ts
FNF:0
FNH:0
DA:1,1
DA:2,1
DA:3,1
LF:3
LH:3
BRF:0
BRH:0
end_of_record
TN:
SF:src/domain/errors/invalid-credentials-error.ts
FN:2,(anonymous_0)
FNF:1
FNH:1
FNDA:1,(anonymous_0)
DA:1,1
DA:3,1
DA:4,1
LF:3
LH:3
BRF:0
BRH:0
end_of_record
TN:
SF:src/domain/errors/unexpected-error.ts
FN:2,(anonymous_0)
FNF:1
FNH:1
FNDA:1,(anonymous_0)
DA:1,1
DA:3,1
DA:4,1
LF:3
LH:3
BRDA:3,0,0,1
BRDA:3,0,1,0
BRF:2
BRH:1
end_of_record
TN:
SF:tests/data/mocks/mock-http.ts
FN:3,(anonymous_0)
FN:10,(anonymous_1)
FN:19,(anonymous_2)
FNF:3
FNH:2
FNDA:0,(anonymous_0)
FNDA:8,(anonymous_1)
FNDA:4,(anonymous_2)
DA:1,1
DA:3,1
DA:10,1
DA:11,8
DA:12,8
DA:13,8
DA:14,8
DA:15,8
DA:20,4
DA:21,4
DA:22,4
DA:23,4
DA:24,4
LF:13
LH:13
BRF:0
BRH:0
end_of_record
